This file contains any messages produced by compilers while
running configure, to aid debugging if configure makes a mistake.

It was created by configure, which was
generated by GNU Autoconf 2.69.  Invocation command line was

  $ ./configure 

## --------- ##
## Platform. ##
## --------- ##

hostname = codespaces-e37131
uname -m = x86_64
uname -r = 6.5.0-1021-azure
uname -s = Linux
uname -v = #22~22.04.1-Ubuntu SMP Tue Apr 30 16:08:18 UTC 2024

/usr/bin/uname -p = x86_64
/bin/uname -X     = unknown

/bin/arch              = x86_64
/usr/bin/arch -k       = unknown
/usr/convex/getsysinfo = unknown
/usr/bin/hostinfo      = unknown
/bin/machine           = unknown
/usr/bin/oslevel       = unknown
/bin/universe          = unknown

PATH: /usr/local/rvm/gems/ruby-3.2.4/bin
PATH: /usr/local/rvm/gems/ruby-3.2.4@global/bin
PATH: /usr/local/rvm/rubies/ruby-3.2.4/bin
PATH: /vscode/bin/linux-x64/dc96b837cf6bb4af9cd736aa3af08cf8279f7685/bin/remote-cli
PATH: /home/codespace/.local/bin
PATH: /home/codespace/.dotnet
PATH: /home/codespace/nvm/current/bin
PATH: /home/codespace/.php/current/bin
PATH: /home/codespace/.python/current/bin
PATH: /home/codespace/java/current/bin
PATH: /home/codespace/.ruby/current/bin
PATH: /home/codespace/.local/bin
PATH: /usr/local/python/current/bin
PATH: /usr/local/py-utils/bin
PATH: /usr/local/oryx
PATH: /usr/local/go/bin
PATH: /go/bin
PATH: /usr/local/sdkman/bin
PATH: /usr/local/sdkman/candidates/java/current/bin
PATH: /usr/local/sdkman/candidates/gradle/current/bin
PATH: /usr/local/sdkman/candidates/maven/current/bin
PATH: /usr/local/sdkman/candidates/ant/current/bin
PATH: /usr/local/rvm/gems/default/bin
PATH: /usr/local/rvm/gems/default@global/bin
PATH: /usr/local/rvm/rubies/default/bin
PATH: /usr/local/share/rbenv/bin
PATH: /usr/local/php/current/bin
PATH: /opt/conda/bin
PATH: /usr/local/nvs
PATH: /usr/local/share/nvm/versions/node/v20.13.1/bin
PATH: /usr/local/hugo/bin
PATH: /usr/local/sbin
PATH: /usr/local/bin
PATH: /usr/sbin
PATH: /usr/bin
PATH: /sbin
PATH: /bin
PATH: /usr/share/dotnet
PATH: /home/codespace/.dotnet/tools
PATH: /usr/local/rvm/bin


## ----------- ##
## Core tests. ##
## ----------- ##

configure:1891: checking for gcc
configure:1907: found /usr/bin/gcc
configure:1918: result: gcc
configure:2147: checking for C compiler version
configure:2156: gcc --version >&5
gcc (Ubuntu 9.4.0-1ubuntu1~20.04.2) 9.4.0
Copyright (C) 2019 Free Software Foundation, Inc.
This is free software; see the source for copying conditions.  There is NO
warranty; not even for MERCHANTABILITY or FITNESS FOR A PARTICULAR PURPOSE.

configure:2167: $? = 0
configure:2156: gcc -v >&5
Using built-in specs.
COLLECT_GCC=gcc
COLLECT_LTO_WRAPPER=/usr/lib/gcc/x86_64-linux-gnu/9/lto-wrapper
OFFLOAD_TARGET_NAMES=nvptx-none:hsa
OFFLOAD_TARGET_DEFAULT=1
Target: x86_64-linux-gnu
Configured with: ../src/configure -v --with-pkgversion='Ubuntu 9.4.0-1ubuntu1~20.04.2' --with-bugurl=file:///usr/share/doc/gcc-9/README.Bugs --enable-languages=c,ada,c++,go,brig,d,fortran,objc,obj-c++,gm2 --prefix=/usr --with-gcc-major-version-only --program-suffix=-9 --program-prefix=x86_64-linux-gnu- --enable-shared --enable-linker-build-id --libexecdir=/usr/lib --without-included-gettext --enable-threads=posix --libdir=/usr/lib --enable-nls --enable-clocale=gnu --enable-libstdcxx-debug --enable-libstdcxx-time=yes --with-default-libstdcxx-abi=new --enable-gnu-unique-object --disable-vtable-verify --enable-plugin --enable-default-pie --with-system-zlib --with-target-system-zlib=auto --enable-objc-gc=auto --enable-multiarch --disable-werror --with-arch-32=i686 --with-abi=m64 --with-multilib-list=m32,m64,mx32 --enable-multilib --with-tune=generic --enable-offload-targets=nvptx-none=/build/gcc-9-9QDOt0/gcc-9-9.4.0/debian/tmp-nvptx/usr,hsa --without-cuda-driver --enable-checking=release --build=x86_64-linux-gnu --host=x86_64-linux-gnu --target=x86_64-linux-gnu
Thread model: posix
gcc version 9.4.0 (Ubuntu 9.4.0-1ubuntu1~20.04.2) 
configure:2167: $? = 0
configure:2156: gcc -V >&5
gcc: error: unrecognized command line option '-V'
gcc: fatal error: no input files
compilation terminated.
configure:2167: $? = 1
configure:2156: gcc -qversion >&5
gcc: error: unrecognized command line option '-qversion'; did you mean '--version'?
gcc: fatal error: no input files
compilation terminated.
configure:2167: $? = 1
configure:2187: checking whether the C compiler works
configure:2209: gcc    conftest.c  >&5
configure:2213: $? = 0
configure:2261: result: yes
configure:2264: checking for C compiler default output file name
configure:2266: result: a.out
configure:2272: checking for suffix of executables
configure:2279: gcc -o conftest    conftest.c  >&5
configure:2283: $? = 0
configure:2305: result: 
configure:2327: checking whether we are cross compiling
configure:2335: gcc -o conftest    conftest.c  >&5
configure:2339: $? = 0
configure:2346: ./conftest
configure:2350: $? = 0
configure:2338: result: no
configure:2343: checking for suffix of object files
configure:2365: gcc -c   conftest.c >&5
configure:2369: $? = 0
configure:2390: result: o
configure:2394: checking whether we are using the GNU C compiler
configure:2413: gcc -c   conftest.c >&5
configure:2413: $? = 0
configure:2422: result: yes
configure:2431: checking whether gcc accepts -g
configure:2451: gcc -c -g  conftest.c >&5
configure:2451: $? = 0
configure:2492: result: yes
configure:2509: checking for gcc option to accept ISO C89
configure:2572: gcc  -c -g -O2  conftest.c >&5
configure:2572: $? = 0
configure:2585: result: none needed
configure:2648: checking whether CC supports -march=native
configure:2662: gcc -c -march=native  conftest.c >&5
configure:2662: $? = 0
configure:2663: result: yes
configure:2673: checking whether CC supports -fomit-frame-pointer
configure:2686: gcc -c -fomit-frame-pointer  conftest.c >&5
configure:2686: $? = 0
configure:2687: result: yes
configure:2703: checking whether CC supports -fPIE
configure:2716: gcc -o conftest -fPIE -Werror   conftest.c  >&5
configure:2716: $? = 0
configure:2717: result: yes
configure:2860: checking whether CC supports -std=c99
configure:2873: gcc -c -std=c99  conftest.c >&5
configure:2873: $? = 0
configure:2874: result: yes
configure:2886: checking whether CC supports -Wall
configure:2899: gcc -c -std=c99 -Wall  conftest.c >&5
configure:2899: $? = 0
configure:2900: result: yes
configure:2911: checking whether CC supports -Wextra
configure:2924: gcc -c -std=c99 -Wall -Wextra  conftest.c >&5
configure:2924: $? = 0
configure:2925: result: yes
configure:2937: checking whether CC supports -Wno-maybe-uninitialized
configure:2950: gcc -c -std=c99 -Wall -Wextra -Wno-maybe-uninitialized -Werror  conftest.c >&5
configure:2950: $? = 0
configure:2951: result: yes
configure:2990: checking whether CC supports and needs -Wno-format -Wno-pedantic-ms-format
configure:3005: gcc -c -std=c99 -Wall -Wextra -Wno-maybe-uninitialized -Wno-format -Wno-pedantic-ms-format -Werror  conftest.c >&5
conftest.c:10:2: error: #error wants windows
   10 | #error wants windows
      |  ^~~~~
cc1: error: unrecognized command line option '-Wno-pedantic-ms-format' [-Werror]
cc1: all warnings being treated as errors
configure:3005: $? = 1
configure: failed program was:
| /* confdefs.h */
| #define PACKAGE_NAME ""
| #define PACKAGE_TARNAME ""
| #define PACKAGE_VERSION ""
| #define PACKAGE_STRING ""
| #define PACKAGE_BUGREPORT ""
| #define PACKAGE_URL ""
| /* end confdefs.h.  */
| #ifndef _WIN32
| #error wants windows
| #endif
| int
| main ()
| {
| 
|   ;
|   return 0;
| }
configure:3010: result: no
configure:3019: checking whether CC supports -Wno-unused-function
configure:3032: gcc -c -std=c99 -Wall -Wextra -Wno-maybe-uninitialized -Wno-unused-function -Werror  conftest.c >&5
configure:3032: $? = 0
configure:3033: result: yes
configure:3073: checking whether CC supports -Wmissing-prototypes
configure:3086: gcc -c -std=c99 -Wall -Wextra -Wno-maybe-uninitialized -Wno-unused-function -Wmissing-prototypes -Werror  conftest.c >&5
configure:3086: $? = 0
configure:3087: result: yes
configure:3099: checking whether CC supports -Wstrict-prototypes
configure:3105: gcc -c -std=c99 -Wall -Wextra -Wno-maybe-uninitialized -Wno-unused-function -Wmissing-prototypes -Wstrict-prototypes -Werror  conftest.c >&5
configure:3105: $? = 0
configure:3106: result: yes
configure:3225: checking whether ARGON2ID13 is supported by libsodium
configure:3239: gcc -c -O3 -march=native -fomit-frame-pointer  conftest.c >&5
configure:3239: $? = 0
configure:3240: result: yes
configure:3412: creating ./config.status

## ---------------------- ##
## Running config.status. ##
## ---------------------- ##

This file was extended by config.status, which was
generated by GNU Autoconf 2.69.  Invocation command line was

  CONFIG_FILES    = 
  CONFIG_HEADERS  = 
  CONFIG_LINKS    = 
  CONFIG_COMMANDS = 
  $ ./config.status 

on codespaces-e37131

config.status:722: creating GNUmakefile

## ---------------- ##
## Cache variables. ##
## ---------------- ##

ac_cv_c_compiler_gnu=yes
ac_cv_env_CC_set=
ac_cv_env_CC_value=
ac_cv_env_CFLAGS_set=
ac_cv_env_CFLAGS_value=
ac_cv_env_CPPFLAGS_set=
ac_cv_env_CPPFLAGS_value=
ac_cv_env_LDFLAGS_set=
ac_cv_env_LDFLAGS_value=
ac_cv_env_LIBS_set=
ac_cv_env_LIBS_value=
ac_cv_env_build_alias_set=
ac_cv_env_build_alias_value=
ac_cv_env_host_alias_set=
ac_cv_env_host_alias_value=
ac_cv_env_target_alias_set=
ac_cv_env_target_alias_value=
ac_cv_objext=o
ac_cv_prog_ac_ct_CC=gcc
ac_cv_prog_cc_c89=
ac_cv_prog_cc_g=yes

## ----------------- ##
## Output variables. ##
## ----------------- ##

CC='gcc'
CFLAGS='-O3 -march=native -fomit-frame-pointer'
CPPFLAGS=''
CSTD='-std=c99 -Wall -Wextra -Wno-maybe-uninitialized -Wno-unused-function -Wmissing-prototypes -Wstrict-prototypes'
DEFS='-DPACKAGE_NAME=\"\" -DPACKAGE_TARNAME=\"\" -DPACKAGE_VERSION=\"\" -DPACKAGE_STRING=\"\" -DPACKAGE_BUGREPORT=\"\" -DPACKAGE_URL=\"\"'
ECHO_C=''
ECHO_N='-n'
ECHO_T=''
ED25519IMPL='donna'
EXEEXT=''
LDFLAGS=''
LIBOBJS=''
LIBS=''
LTLIBOBJS=''
MAINLIB=''
MYDEFS=' -DSTATISTICS -DPASSPHRASE'
OBJEXT='o'
PACKAGE_BUGREPORT=''
PACKAGE_NAME=''
PACKAGE_STRING=''
PACKAGE_TARNAME=''
PACKAGE_URL=''
PACKAGE_VERSION=''
PATH_SEPARATOR=':'
PIE='-fPIE'
SHELL='/bin/bash'
SRCDIR='.'
VERSION='git-5172c0fd71740ca0b11da8149a2575dcf331d7ab'
ac_ct_CC='gcc'
bindir='${exec_prefix}/bin'
build_alias=''
datadir='${datarootdir}'
datarootdir='${prefix}/share'
docdir='${datarootdir}/doc/${PACKAGE}'
dvidir='${docdir}'
exec_prefix='${prefix}'
host_alias=''
htmldir='${docdir}'
includedir='${prefix}/include'
infodir='${datarootdir}/info'
libdir='${exec_prefix}/lib'
libexecdir='${exec_prefix}/libexec'
localedir='${datarootdir}/locale'
localstatedir='${prefix}/var'
mandir='${datarootdir}/man'
oldincludedir='/usr/include'
pdfdir='${docdir}'
prefix='/usr/local'
program_transform_name='s,x,x,'
psdir='${docdir}'
runstatedir='${localstatedir}/run'
sbindir='${exec_prefix}/sbin'
sharedstatedir='${prefix}/com'
sysconfdir='${prefix}/etc'
target_alias=''

## ----------- ##
## confdefs.h. ##
## ----------- ##

/* confdefs.h */
#define PACKAGE_NAME ""
#define PACKAGE_TARNAME ""
#define PACKAGE_VERSION ""
#define PACKAGE_STRING ""
#define PACKAGE_BUGREPORT ""
#define PACKAGE_URL ""

configure: exit 0
